{
    "FunctionName": "hello-cli",
    "FunctionArn": "arn:aws:lambda:us-east-1:091525754872:function:hello-cli",
    "Runtime": "nodejs16.x",
    "Role": "arn:aws:iam::091525754872:role/lambda-example",
    "Handler": "index.handler",
    "CodeSize": 330,
    "Description": "",
    "Timeout": 3,
    "MemorySize": 128,
    "LastModified": "2023-11-30T22:57:45.074+0000",
    "CodeSha256": "MDBZ23aVWdOiHpXne7LhmWa3q9aulxbVJN1HKSHrOM8=",
    "Version": "$LATEST",
    "TracingConfig": {
        "Mode": "PassThrough"
    },
    "RevisionId": "4249feed-7e1e-4bc8-9333-474d8f4a5dd6",
    "State": "Pending",
    "StateReason": "The function is being created.",
    "StateReasonCode": "Creating",
    "PackageType": "Zip",
    "Architectures": [
        "x86_64"
    ],
    "EphemeralStorage": {
        "Size": 512
    },
    "SnapStart": {
        "ApplyOn": "None",
        "OptimizationStatus": "Off"
    },
    "RuntimeVersionConfig": {
        "RuntimeVersionArn": "arn:aws:lambda:us-east-1::runtime:4e2039583091c0651610076c3dd9a8189c3ed6432409fa99fef039930fafa705"
    }
}
