{
    "FunctionName": "hello-cli",
    "FunctionArn": "arn:aws:lambda:us-east-1:091525754872:function:hello-cli:1",
    "Runtime": "nodejs16.x",
    "Role": "arn:aws:iam::091525754872:role/lambda-example",
    "Handler": "index.handler",
    "CodeSize": 331,
    "Description": "",
    "Timeout": 3,
    "MemorySize": 128,
    "LastModified": "2023-11-30T23:03:09.000+0000",
    "CodeSha256": "IQN9Kx+v3htO+uF6gNFRBYYPQJRD4w0Si+04Y0fwYr8=",
    "Version": "1",
    "TracingConfig": {
        "Mode": "PassThrough"
    },
    "RevisionId": "5b7b7058-26cb-4e91-a2b1-f0f74449ea48",
    "State": "Pending",
    "StateReason": "The function is being created.",
    "StateReasonCode": "Creating",
    "PackageType": "Zip",
    "Architectures": [
        "x86_64"
    ],
    "EphemeralStorage": {
        "Size": 512
    },
    "SnapStart": {
        "ApplyOn": "None",
        "OptimizationStatus": "Off"
    },
    "RuntimeVersionConfig": {
        "RuntimeVersionArn": "arn:aws:lambda:us-east-1::runtime:4e2039583091c0651610076c3dd9a8189c3ed6432409fa99fef039930fafa705"
    }
}
